info it worked if it ends with ok
verbose cli [ 'node', '/opt/local/bin/npm', 'test' ]
info using npm@1.1.22
info using node@v0.6.18
verbose config file /Users/trygvis/.npmrc
verbose config file /opt/local/etc/npmrc
verbose config file /opt/local/lib/node_modules/npm/npmrc
verbose caching /Users/trygvis/dev/com.github/arktekk/rest-workshop/exercises/02-basic-http/solution/package.json
verbose loadDefaults 02-basic-http@0.0.0
verbose run-script [ 'pretest', 'test', 'posttest' ]
info pretest 02-basic-http@0.0.0
info test 02-basic-http@0.0.0
verbose unsafe-perm in lifecycle true
silly exec sh "-c" "vows test/test.js"
silly spawning [ 'sh',
silly spawning   [ '-c', 'vows test/test.js' ],
silly spawning   '/Users/trygvis/dev/com.github/arktekk/rest-workshop/exercises/02-basic-http/solution' ]
info 02-basic-http@0.0.0 Failed to exec test script
ERR! 02-basic-http@0.0.0 test: `vows test/test.js`
ERR! `sh "-c" "vows test/test.js"` failed with 2
ERR! 
ERR! Failed at the 02-basic-http@0.0.0 test script.
ERR! This is most likely a problem with the 02-basic-http package,
ERR! not with npm itself.
ERR! Tell the author that this fails on your system:
ERR!     vows test/test.js
ERR! You can get their info via:
ERR!     npm owner ls 02-basic-http
ERR! There is likely additional logging output above.
ERR! 
ERR! System Darwin 9.8.0
ERR! command "node" "/opt/local/bin/npm" "test"
ERR! cwd /Users/trygvis/dev/com.github/arktekk/rest-workshop/exercises/02-basic-http/solution
ERR! node -v v0.6.18
ERR! npm -v 1.1.22
ERR! code ELIFECYCLE
ERR! message 02-basic-http@0.0.0 test: `vows test/test.js`
ERR! message `sh "-c" "vows test/test.js"` failed with 2
ERR! errno {}
verbose exit [ 1, true ]
